<?xml version="1.0" encoding="UTF-8"?>
<beans xmlns="http://www.springframework.org/schema/beans"
	xmlns:xsi="http://www.w3.org/2001/XMLSchema-instance" xmlns:jdbc="http://www.springframework.org/schema/jdbc"
	xsi:schemaLocation="http://www.springframework.org/schema/jdbc http://www.springframework.org/schema/jdbc/spring-jdbc.xsd
		http://www.springframework.org/schema/beans http://www.springframework.org/schema/beans/spring-beans.xsd">

	<bean id="dataSource" class="org.apache.commons.dbcp2.BasicDataSource"
		destroy-method="close">
		<property name="username"
			value="#{systemEnvironment['PG_USER'] ?: 'tigerhrdev'}" />
		<property name="password"
			value="#{systemEnvironment['PG_PASSWORD'] ?: 'tigerhrdev'}" />
		<property name="url"
			value="#{systemEnvironment['CODESHIP'] != null ? 'jdbc:postgresql://127.0.0.1:5436/tigerhrdb' :'jdbc:postgresql://127.0.0.1/tigerhrdb'}" />
		<property name="driverClassName" value="org.postgresql.Driver" />
	</bean>
</beans>
